<?xml version="1.0" encoding="UTF-8"?>
<testng-results skipped="0" failed="0" ignored="0" total="3" passed="3">
  <reporter-output>
  </reporter-output>
  <suite name="Surefire suite" duration-ms="51648" started-at="2020-12-22T17:31:42Z" finished-at="2020-12-22T17:32:33Z">
    <groups>
      <group name="cucumber">
        <method signature="AbstractTestNGCucumberTests.runScenario(io.cucumber.testng.PickleWrapper, io.cucumber.testng.FeatureWrapper)[pri:0, instance:pe.edu.upeu.seleniumwebdrivertest.test.CucumberTestRunner@1cd072a9]" name="runScenario" class="io.cucumber.testng.AbstractTestNGCucumberTests"/>
      </group> <!-- cucumber -->
    </groups>
    <test name="Surefire test" duration-ms="51648" started-at="2020-12-22T17:31:42Z" finished-at="2020-12-22T17:32:33Z">
      <class name="pe.edu.upeu.seleniumwebdrivertest.test.CucumberTestRunner">
        <test-method status="PASS" signature="setUpClass()[pri:0, instance:pe.edu.upeu.seleniumwebdrivertest.test.CucumberTestRunner@1cd072a9]" name="setUpClass" is-config="true" duration-ms="797" started-at="2020-12-22T12:31:42Z" finished-at="2020-12-22T12:31:43Z">
          <reporter-output>
          </reporter-output>
        </test-method> <!-- setUpClass -->
        <test-method status="PASS" signature="runScenario(io.cucumber.testng.PickleWrapper, io.cucumber.testng.FeatureWrapper)[pri:0, instance:pe.edu.upeu.seleniumwebdrivertest.test.CucumberTestRunner@1cd072a9]" name="runScenario" duration-ms="17767" started-at="2020-12-22T12:31:43Z" description="Runs Cucumber Scenarios" data-provider="scenarios" finished-at="2020-12-22T12:32:00Z">
          <params>
            <param index="0">
              <value>
                <![CDATA["Busqueda de blusas"]]>
              </value>
            </param>
            <param index="1">
              <value>
                <![CDATA["Optional[Busqueda]"]]>
              </value>
            </param>
          </params>
          <reporter-output>
          </reporter-output>
        </test-method> <!-- runScenario -->
        <test-method status="PASS" signature="runScenario(io.cucumber.testng.PickleWrapper, io.cucumber.testng.FeatureWrapper)[pri:0, instance:pe.edu.upeu.seleniumwebdrivertest.test.CucumberTestRunner@1cd072a9]" name="runScenario" duration-ms="15356" started-at="2020-12-22T12:32:00Z" description="Runs Cucumber Scenarios" data-provider="scenarios" finished-at="2020-12-22T12:32:16Z">
          <params>
            <param index="0">
              <value>
                <![CDATA["Busqueda de blusas"]]>
              </value>
            </param>
            <param index="1">
              <value>
                <![CDATA["Optional[Busqueda]"]]>
              </value>
            </param>
          </params>
          <reporter-output>
          </reporter-output>
        </test-method> <!-- runScenario -->
        <test-method status="PASS" signature="runScenario(io.cucumber.testng.PickleWrapper, io.cucumber.testng.FeatureWrapper)[pri:0, instance:pe.edu.upeu.seleniumwebdrivertest.test.CucumberTestRunner@1cd072a9]" name="runScenario" duration-ms="17457" started-at="2020-12-22T12:32:16Z" description="Runs Cucumber Scenarios" data-provider="scenarios" finished-at="2020-12-22T12:32:33Z">
          <params>
            <param index="0">
              <value>
                <![CDATA["Busqueda de blusas"]]>
              </value>
            </param>
            <param index="1">
              <value>
                <![CDATA["Optional[Busqueda]"]]>
              </value>
            </param>
          </params>
          <reporter-output>
          </reporter-output>
        </test-method> <!-- runScenario -->
        <test-method status="PASS" signature="tearDownClass()[pri:0, instance:pe.edu.upeu.seleniumwebdrivertest.test.CucumberTestRunner@1cd072a9]" name="tearDownClass" is-config="true" duration-ms="244" started-at="2020-12-22T12:32:33Z" finished-at="2020-12-22T12:32:33Z">
          <reporter-output>
          </reporter-output>
        </test-method> <!-- tearDownClass -->
      </class> <!-- pe.edu.upeu.seleniumwebdrivertest.test.CucumberTestRunner -->
    </test> <!-- Surefire test -->
  </suite> <!-- Surefire suite -->
</testng-results>
